[2024-12-20 11:13:44,110] INFO: 启动 Selenium for Edge...
[2024-12-20 11:13:44,110] INFO: ====== WebDriver manager ======
[2024-12-20 11:13:46,695] INFO: Get LATEST edgedriver version for Edge 131.0.2903
[2024-12-20 11:13:47,222] INFO: Get LATEST edgedriver version for Edge 131.0.2903
[2024-12-20 11:13:47,691] INFO: Driver [C:\Users\陈亮\.wdm\drivers\edgedriver\win64\131.0.2903.99\msedgedriver.exe] found in cache
[2024-12-20 11:13:48,735] INFO: 打开页面...
[2024-12-20 11:13:50,257] INFO: 页面标题: 比特币 Ahr999 指标 | CoinGlass
[2024-12-20 11:13:50,299] INFO: 抓取结果: 日期=2024/12/20, AHR999=1.44304551
[2024-12-20 12:03:28,827] INFO: 启动 Selenium for Edge...
[2024-12-20 12:03:28,828] INFO: ====== WebDriver manager ======
[2024-12-20 12:03:32,076] INFO: Get LATEST edgedriver version for Edge 131.0.2903
[2024-12-20 12:03:32,584] INFO: Get LATEST edgedriver version for Edge 131.0.2903
[2024-12-20 12:03:33,052] INFO: Driver [C:\Users\陈亮\.wdm\drivers\edgedriver\win64\131.0.2903.99\msedgedriver.exe] found in cache
[2024-12-20 12:03:34,163] INFO: 打开页面...
[2024-12-20 12:03:41,237] INFO: 页面标题: 比特币 Ahr999 指标 | CoinGlass
[2024-12-20 12:03:41,287] INFO: 抓取结果: 日期=2024/12/20, AHR999=1.44304551
[2024-12-20 12:04:24,087] INFO: 启动 Selenium for Edge...
[2024-12-20 12:04:24,087] INFO: ====== WebDriver manager ======
[2024-12-20 12:04:26,676] INFO: Get LATEST edgedriver version for Edge 131.0.2903
[2024-12-20 12:04:27,119] INFO: Get LATEST edgedriver version for Edge 131.0.2903
[2024-12-20 12:04:27,554] INFO: Driver [C:\Users\陈亮\.wdm\drivers\edgedriver\win64\131.0.2903.99\msedgedriver.exe] found in cache
[2024-12-20 12:04:28,623] INFO: 打开页面...
[2024-12-20 12:04:30,293] INFO: 页面标题: 比特币 Ahr999 指标 | CoinGlass
[2024-12-20 12:04:30,334] INFO: 抓取结果: 日期=2024/12/20, AHR999=1.44304551
[2024-12-20 12:22:45,717] INFO: 启动 Selenium for Edge...
[2024-12-20 12:22:45,718] INFO: ====== WebDriver manager ======
[2024-12-20 12:22:48,402] INFO: Get LATEST edgedriver version for Edge 131.0.2903
[2024-12-20 12:22:48,940] INFO: Get LATEST edgedriver version for Edge 131.0.2903
[2024-12-20 12:22:49,465] INFO: Driver [C:\Users\陈亮\.wdm\drivers\edgedriver\win64\131.0.2903.99\msedgedriver.exe] found in cache
[2024-12-20 12:22:50,507] INFO: 打开页面...
[2024-12-20 12:22:56,853] INFO: 页面标题: 比特币 Ahr999 指标 | CoinGlass
[2024-12-20 12:22:56,894] INFO: 抓取结果: 日期=2024/12/20, AHR999=1.44304551
